#
# There is insufficient memory for the Java Runtime Environment to continue.
# Native memory allocation (mmap) failed to map 134217728 bytes for G1 virtual space
# Possible reasons:
#   The system is out of physical RAM or swap space
#   The process is running with CompressedOops enabled, and the Java Heap may be blocking the growth of the native heap
# Possible solutions:
#   Reduce memory load on the system
#   Increase physical memory or swap space
#   Check if swap backing store is full
#   Decrease Java heap size (-Xmx/-Xms)
#   Decrease number of Java threads
#   Decrease Java thread stack sizes (-Xss)
#   Set larger code cache with -XX:ReservedCodeCacheSize=
#   JVM is running with Unscaled Compressed Oops mode in which the Java heap is
#     placed in the first 4GB address space. The Java Heap base address is the
#     maximum limit for the native heap growth. Please use -XX:HeapBaseMinAddress
#     to set the Java Heap base and to place the Java Heap above 4GB virtual address.
# This output file may be truncated or incomplete.
#
#  Out of Memory Error (os_windows.cpp:3559), pid=6472, tid=10228
#
# JRE version:  (17.0.7+7) (build )
# Java VM: OpenJDK 64-Bit Server VM (17.0.7+7, mixed mode, sharing, tiered, compressed oops, compressed class ptrs, g1 gc, windows-amd64)
# No core dump will be written. Minidumps are not enabled by default on client versions of Windows
#

---------------  S U M M A R Y ------------

Command Line: -Dfile.encoding=UTF-8 -XX:+ShowCodeDetailsInExceptionMessages others.Fibonacci

Host: Intel(R) Core(TM) i3-3220 CPU @ 3.30GHz, 4 cores, 7G,  Windows 10 , 64 bit Build 19041 (10.0.19041.2364)
Time: Mon Aug 26 19:03:58 2024 India Standard Time elapsed time: 0.015979 seconds (0d 0h 0m 0s)

---------------  T H R E A D  ---------------

Current thread (0x000001ced480c1e0):  JavaThread "Unknown thread" [_thread_in_vm, id=10228, stack(0x0000001a56400000,0x0000001a56500000)]

Stack: [0x0000001a56400000,0x0000001a56500000]
Native frames: (J=compiled Java code, j=interpreted, Vv=VM code, C=native code)
V  [jvm.dll+0x67754a]
V  [jvm.dll+0x834304]
V  [jvm.dll+0x835aae]
V  [jvm.dll+0x836113]
V  [jvm.dll+0x24696f]
V  [jvm.dll+0x6743f9]
V  [jvm.dll+0x668c8a]
V  [jvm.dll+0x3061bb]
V  [jvm.dll+0x30d6a6]
V  [jvm.dll+0x35cece]
V  [jvm.dll+0x35d0ff]
V  [jvm.dll+0x2dd048]
V  [jvm.dll+0x2ddfb4]
V  [jvm.dll+0x8066d1]
V  [jvm.dll+0x36ac91]
V  [jvm.dll+0x7e5cec]
V  [jvm.dll+0x3ed56f]
V  [jvm.dll+0x3ef0a1]
C  [jli.dll+0x528b]
C  [ucrtbase.dll+0x21bb2]
C  [KERNEL32.DLL+0x17614]
C  [ntdll.dll+0x526a1]


---------------  P R O C E S S  ---------------

Threads class SMR info:
_java_thread_list=0x00007ffcd6f57018, length=0, elements={
}

Java Threads: ( => current thread )

Other Threads:
  0x000001ced48682a0 GCTaskThread "GC Thread#0" [stack: 0x0000001a56500000,0x0000001a56600000] [id=5344]
  0x000001ced48b7010 ConcurrentGCThread "G1 Main Marker" [stack: 0x0000001a56600000,0x0000001a56700000] [id=14184]
  0x000001ced48b7a20 ConcurrentGCThread "G1 Conc#0" [stack: 0x0000001a56700000,0x0000001a56800000] [id=1788]

[error occurred during error reporting (printing all threads), id 0xc0000005, EXCEPTION_ACCESS_VIOLATION (0xc0000005) at pc=0x00007ffcd672daf7]

VM state: not at safepoint (not fully initialized)

VM Mutex/Monitor currently owned by a thread:  ([mutex/lock_event])
[0x000001ced4807ae0] Heap_lock - owner thread: 0x000001ced480c1e0

Heap address: 0x0000000081e00000, size: 2018 MB, Compressed Oops mode: 32-bit

CDS archive(s) mapped at: [0x0000000000000000-0x0000000000000000-0x0000000000000000), size 0, SharedBaseAddress: 0x0000000800000000, ArchiveRelocationMode: 0.
Narrow klass base: 0x0000000000000000, Narrow klass shift: 0, Narrow klass range: 0x0

GC Precious Log:
<Empty>

Heap:
 garbage-first heap   total 0K, used 0K [0x0000000081e00000, 0x0000000100000000)
  region size 1024K, 0 young (0K), 0 survivors (0K)

[error occurred during error reporting (printing heap information), id 0xc0000005, EXCEPTION_ACCESS_VIOLATION (0xc0000005) at pc=0x00007ffcd6b10db9]

GC Heap History (0 events):
No events

Dll operation events (1 events):
Event: 0.009 Loaded shared library C:\Users\Chandan\.p2\pool\plugins\org.eclipse.justj.openjdk.hotspot.jre.full.win32.x86_64_17.0.7.v20230425-1502\jre\bin\java.dll

Deoptimization events (0 events):
No events

Classes unloaded (0 events):
No events

Classes redefined (0 events):
No events

Internal exceptions (0 events):
No events

VM Operations (0 events):
No events

Events (0 events):
No events


Dynamic libraries:
0x00007ff759ed0000 - 0x00007ff759ede000 	C:\Users\Chandan\.p2\pool\plugins\org.eclipse.justj.openjdk.hotspot.jre.full.win32.x86_64_17.0.7.v20230425-1502\jre\bin\javaw.exe
0x00007ffd40630000 - 0x00007ffd40828000 	C:\WINDOWS\SYSTEM32\ntdll.dll
0x00007ffd40290000 - 0x00007ffd4034f000 	C:\WINDOWS\System32\KERNEL32.DLL
0x00007ffd3ddf0000 - 0x00007ffd3e0c2000 	C:\WINDOWS\System32\KERNELBASE.dll
0x00007ffd3e490000 - 0x00007ffd3e590000 	C:\WINDOWS\System32\ucrtbase.dll
0x00007ffd39300000 - 0x00007ffd39319000 	C:\Users\Chandan\.p2\pool\plugins\org.eclipse.justj.openjdk.hotspot.jre.full.win32.x86_64_17.0.7.v20230425-1502\jre\bin\VCRUNTIME140.dll
0x00007ffd30f50000 - 0x00007ffd30f67000 	C:\Users\Chandan\.p2\pool\plugins\org.eclipse.justj.openjdk.hotspot.jre.full.win32.x86_64_17.0.7.v20230425-1502\jre\bin\jli.dll
0x00007ffd3e9b0000 - 0x00007ffd3eb51000 	C:\WINDOWS\System32\USER32.dll
0x00007ffd3e640000 - 0x00007ffd3e662000 	C:\WINDOWS\System32\win32u.dll
0x00007ffd3f390000 - 0x00007ffd3f3bb000 	C:\WINDOWS\System32\GDI32.dll
0x00007ffd3e0d0000 - 0x00007ffd3e1df000 	C:\WINDOWS\System32\gdi32full.dll
0x00007ffd2eec0000 - 0x00007ffd2f15a000 	C:\WINDOWS\WinSxS\amd64_microsoft.windows.common-controls_6595b64144ccf1df_6.0.19041.1110_none_60b5254171f9507e\COMCTL32.dll
0x00007ffd3dd50000 - 0x00007ffd3dded000 	C:\WINDOWS\System32\msvcp_win.dll
0x00007ffd3f800000 - 0x00007ffd3f89e000 	C:\WINDOWS\System32\msvcrt.dll
0x00007ffd3f580000 - 0x00007ffd3f5b2000 	C:\WINDOWS\System32\IMM32.DLL
0x00007ffd334d0000 - 0x00007ffd334dc000 	C:\Users\Chandan\.p2\pool\plugins\org.eclipse.justj.openjdk.hotspot.jre.full.win32.x86_64_17.0.7.v20230425-1502\jre\bin\vcruntime140_1.dll
0x00007ffd28950000 - 0x00007ffd289e1000 	C:\Users\Chandan\.p2\pool\plugins\org.eclipse.justj.openjdk.hotspot.jre.full.win32.x86_64_17.0.7.v20230425-1502\jre\bin\msvcp140.dll
0x00007ffcd6440000 - 0x00007ffcd7088000 	C:\Users\Chandan\.p2\pool\plugins\org.eclipse.justj.openjdk.hotspot.jre.full.win32.x86_64_17.0.7.v20230425-1502\jre\bin\server\jvm.dll
0x00007ffd3f3c0000 - 0x00007ffd3f46e000 	C:\WINDOWS\System32\ADVAPI32.dll
0x00007ffd3f630000 - 0x00007ffd3f6cc000 	C:\WINDOWS\System32\sechost.dll
0x00007ffd3e880000 - 0x00007ffd3e9a5000 	C:\WINDOWS\System32\RPCRT4.dll
0x00007ffd39730000 - 0x00007ffd39739000 	C:\WINDOWS\SYSTEM32\WSOCK32.dll
0x00007ffd2ad90000 - 0x00007ffd2adb7000 	C:\WINDOWS\SYSTEM32\WINMM.dll
0x00007ffd3f5c0000 - 0x00007ffd3f62b000 	C:\WINDOWS\System32\WS2_32.dll
0x00007ffd313e0000 - 0x00007ffd313ea000 	C:\WINDOWS\SYSTEM32\VERSION.dll
0x00007ffd3bbc0000 - 0x00007ffd3bbd2000 	C:\WINDOWS\SYSTEM32\kernel.appcore.dll
0x00007ffd327f0000 - 0x00007ffd327fa000 	C:\Users\Chandan\.p2\pool\plugins\org.eclipse.justj.openjdk.hotspot.jre.full.win32.x86_64_17.0.7.v20230425-1502\jre\bin\jimage.dll
0x00007ffd2be40000 - 0x00007ffd2c024000 	C:\WINDOWS\SYSTEM32\DBGHELP.DLL
0x00007ffd2fc70000 - 0x00007ffd2fca5000 	C:\WINDOWS\SYSTEM32\dbgcore.DLL
0x00007ffd3e340000 - 0x00007ffd3e3c2000 	C:\WINDOWS\System32\bcryptPrimitives.dll
0x00007ffd30660000 - 0x00007ffd30685000 	C:\Users\Chandan\.p2\pool\plugins\org.eclipse.justj.openjdk.hotspot.jre.full.win32.x86_64_17.0.7.v20230425-1502\jre\bin\java.dll

dbghelp: loaded successfully - version: 4.0.5 - missing functions: none
symbol engine: initialized successfully - sym options: 0x614 - pdb path: .;C:\Users\Chandan\.p2\pool\plugins\org.eclipse.justj.openjdk.hotspot.jre.full.win32.x86_64_17.0.7.v20230425-1502\jre\bin;C:\WINDOWS\SYSTEM32;C:\WINDOWS\WinSxS\amd64_microsoft.windows.common-controls_6595b64144ccf1df_6.0.19041.1110_none_60b5254171f9507e;C:\Users\Chandan\.p2\pool\plugins\org.eclipse.justj.openjdk.hotspot.jre.full.win32.x86_64_17.0.7.v20230425-1502\jre\bin\server

VM Arguments:
jvm_args: -Dfile.encoding=UTF-8 -XX:+ShowCodeDetailsInExceptionMessages 
java_command: others.Fibonacci
java_class_path (initial): C:\Users\Chandan\eclipse-workspace\JavaPractice\bin
Launcher Type: SUN_STANDARD

[Global flags]
     intx CICompilerCount                          = 3                                         {product} {ergonomic}
     uint ConcGCThreads                            = 1                                         {product} {ergonomic}
     uint G1ConcRefinementThreads                  = 4                                         {product} {ergonomic}
   size_t G1HeapRegionSize                         = 1048576                                   {product} {ergonomic}
    uintx GCDrainStackTargetSize                   = 64                                        {product} {ergonomic}
   size_t InitialHeapSize                          = 134217728                                 {product} {ergonomic}
   size_t MarkStackSize                            = 4194304                                   {product} {ergonomic}
   size_t MaxHeapSize                              = 2116026368                                {product} {ergonomic}
   size_t MinHeapDeltaBytes                        = 1048576                                   {product} {ergonomic}
   size_t MinHeapSize                              = 8388608                                   {product} {ergonomic}
    uintx NonNMethodCodeHeapSize                   = 5832780                                {pd product} {ergonomic}
    uintx NonProfiledCodeHeapSize                  = 122912730                              {pd product} {ergonomic}
    uintx ProfiledCodeHeapSize                     = 122912730                              {pd product} {ergonomic}
    uintx ReservedCodeCacheSize                    = 251658240                              {pd product} {ergonomic}
     bool SegmentedCodeCache                       = true                                      {product} {ergonomic}
     bool ShowCodeDetailsInExceptionMessages       = true                                   {manageable} {command line}
   size_t SoftMaxHeapSize                          = 2116026368                             {manageable} {ergonomic}
     bool UseCompressedClassPointers               = true                           {product lp64_product} {ergonomic}
     bool UseCompressedOops                        = true                           {product lp64_product} {ergonomic}
     bool UseG1GC                                  = true                                      {product} {ergonomic}
     bool UseLargePagesIndividualAllocation        = false                                  {pd product} {ergonomic}

Logging:
Log output configuration:
 #0: stdout all=warning uptime,level,tags
 #1: stderr all=off uptime,level,tags

Environment Variables:
JAVA_HOME=C:\Program Files\Java\jdk-21
PATH=C:/Users/Chandan/.p2/pool/plugins/org.eclipse.justj.openjdk.hotspot.jre.full.win32.x86_64_17.0.7.v20230425-1502/jre/bin/server;C:/Users/Chandan/.p2/pool/plugins/org.eclipse.justj.openjdk.hotspot.jre.full.win32.x86_64_17.0.7.v20230425-1502/jre/bin;C:\Program Files\Common Files\Oracle\Java\javapath;C:\WINDOWS\system32;C:\WINDOWS;C:\WINDOWS\System32\Wbem;C:\WINDOWS\System32\WindowsPowerShell\v1.0\;C:\WINDOWS\System32\OpenSSH\;C:\Program Files\Git\cmd;C:\Program Files\PuTTY\;C:\Program Files\Maven\apache-maven-3.9.6\bin;C:\Program Files\nodejs\;C:\Users\Chandan\AppData\Roaming\npm;D:\Mitra\Appium\platform-tools;C:\Users\Chandan\AppData\Local\Android\Sdk\platform-tools;C:\Users\Chandan\AppData\Local\Android\Sdk\build-tools;C:\Users\Chandan\AppData\Local\Android\Sdk\platforms;C:\Program Files\Java\jdk-21\bin;C:\Program Files\Maven\apache-maven-3.9.6\bin;C:\Users\Chandan\AppData\Local\Programs\Python\Python312\Scripts\;C:\Users\Chandan\AppData\Local\Programs\Python\Python312\;C:\Users\Chandan\AppData\Local\Programs\Python\Python312\Scripts;C:\Users\Chandan\AppData\Local\Microsoft\WindowsApps;D:\xampp\php;C:\Users\Chandan\AppData\Local\Programs\Microsoft VS Code\bin;C:\Program Files\Azure Data Studio\bin;C:\Users\Chandan\AppData\Roaming\npm;C:\Program Files\JetBrains\PyCharm Community Edition 2024.1.4\bin;;C:\Users\Chandan\AppData\Local\Programs\Python\Python312;;C:\Users\Chandan\Desktop;
USERNAME=Chandan
OS=Windows_NT
PROCESSOR_IDENTIFIER=Intel64 Family 6 Model 58 Stepping 9, GenuineIntel
TMP=C:\Users\Chandan\AppData\Local\Temp
TEMP=C:\Users\Chandan\AppData\Local\Temp



---------------  S Y S T E M  ---------------

OS:
 Windows 10 , 64 bit Build 19041 (10.0.19041.2364)
OS uptime: 0 days 9:19 hours
Hyper-V role detected

CPU: total 4 (initial active 4) (2 cores per cpu, 2 threads per core) family 6 model 58 stepping 9 microcode 0x21, cx8, cmov, fxsr, ht, mmx, sse, sse2, sse3, ssse3, sse4.1, sse4.2, popcnt, tsc, tscinvbit, avx, erms, clmul, vzeroupper, clflush, hv

Memory: 4k page, system-wide physical 8068M (1299M free)
TotalPageFile size 24015M (AvailPageFile size 23M)
current process WorkingSet (physical memory assigned to process): 10M, peak: 10M
current process commit charge ("private bytes"): 52M, peak: 179M

vm_info: OpenJDK 64-Bit Server VM (17.0.7+7) for windows-amd64 JRE (17.0.7+7), built on Apr 18 2023 22:10:42 by "temurin" with MS VC++ 16.7 (VS2019)

END.
